Removed Pin From Net: NetName=GND Pin=DD1-5
Removed Pin From Net: NetName=GND Pin=DD1-13
Removed Pin From Net: NetName=+5V Pin=DD1-14
Removed Pin From Net: NetName=+5V Pin=DD1-15
Removed Pin From Net: NetName=GND Pin=DD1-16
Removed Pin From Net: NetName=GND Pin=DD1-20
Removed Pin From Net: NetName=GND Pin=DD1-23
Removed Pin From Net: NetName=NetDD1_39 Pin=DD1-39
Removed Pin From Net: NetName=NetDD1_40 Pin=DD1-40
Removed Pin From Net: NetName=GND Pin=DD1-41
Removed Pin From Net: NetName=+5V Pin=DD1-42
Added Component: Designator=DD1(orange Pi Zero 3)
Added Pin To Net: NetName=GND Pin=DD1-5
Added Pin To Net: NetName=GND Pin=DD1-13
Added Pin To Net: NetName=+5V Pin=DD1-14
Added Pin To Net: NetName=+5V Pin=DD1-15
Added Pin To Net: NetName=GND Pin=DD1-16
Added Pin To Net: NetName=GND Pin=DD1-20
Added Pin To Net: NetName=GND Pin=DD1-23
Added Pin To Net: NetName=NetDD1_39 Pin=DD1-39
Added Pin To Net: NetName=NetDD1_40 Pin=DD1-40
Added Pin To Net: NetName=GND Pin=DD1-41
Added Pin To Net: NetName=+5V Pin=DD1-42
Add Pin To Net: Unknown Pin: Pin XS2-2
Add Pin To Net: Unknown Pin: Pin XS2-3
Add Pin To Net: Unknown Pin: Pin XS2-4
Add Pin To Net: Unknown Pin: Pin XS2-5
Add Pin To Net: Unknown Pin: Pin XS2-6
