Added Component: Designator=C1(capacitor 1206)
Added Component: Designator=C2(capacitor 1206)
Added Component: Designator=DA1(joy stick psp 4 pin)
Added Component: Designator=DA2(joy stick psp 4 pin)
Added Component: Designator=DD1(orange Pi Zero 3)
Added Component: Designator=DD2(atmega32u4)
Added Component: Designator=R1(resistor 1206)
Added Component: Designator=R2(resistor 1206)
Added Component: Designator=R3(resistor 1206)
Added Component: Designator=R4(resistor 1206)
Added Component: Designator=R5(resistor 1206)
Added Component: Designator=R6(resistor 1206)
Added Component: Designator=R7(resistor 1206)
Added Component: Designator=R8(resistor 1206)
Added Component: Designator=R9(resistor 1206)
Added Component: Designator=R10(resistor 1206)
Added Component: Designator=R11(resistor 1206)
Added Component: Designator=SW1(membrane button)
Added Component: Designator=SW2(membrane button)
Added Component: Designator=SW3(membrane button)
Added Component: Designator=SW4(membrane button)
Added Component: Designator=SW5(membrane button)
Added Component: Designator=SW6(membrane button)
Added Component: Designator=SW7(membrane button)
Added Component: Designator=SW8(membrane button)
Added Component: Designator=SW9(membrane button)
Added Component: Designator=SW10(membrane button)
Added Component: Designator=SW11(membrane button)
Added Component: Designator=XS2(JOIN_6)
Added Component: Designator=ZQ1(quartz resonator)
Added Pin To Net: NetName=+5V Pin=DA1-3
Added Pin To Net: NetName=+5V Pin=DA2-3
Added Pin To Net: NetName=+5V Pin=DD1-14
Added Pin To Net: NetName=+5V Pin=DD1-15
Added Pin To Net: NetName=+5V Pin=DD1-42
Added Pin To Net: NetName=+5V Pin=DD2-2
Added Pin To Net: NetName=+5V Pin=DD2-14
Added Pin To Net: NetName=+5V Pin=DD2-24
Added Pin To Net: NetName=+5V Pin=DD2-34
Added Pin To Net: NetName=+5V Pin=DD2-44
Added Pin To Net: NetName=+5V Pin=R1-2
Added Pin To Net: NetName=+5V Pin=R2-2
Added Pin To Net: NetName=+5V Pin=R3-2
Added Pin To Net: NetName=+5V Pin=R4-2
Added Pin To Net: NetName=+5V Pin=R5-2
Added Pin To Net: NetName=+5V Pin=R6-2
Added Pin To Net: NetName=+5V Pin=R7-2
Added Pin To Net: NetName=+5V Pin=R8-2
Added Pin To Net: NetName=+5V Pin=R9-2
Added Pin To Net: NetName=+5V Pin=R10-2
Added Pin To Net: NetName=+5V Pin=R11-2
Added Pin To Net: NetName=+5V Pin=XS2-1
Added Pin To Net: NetName=+5V Pin=XS2-1
Added Pin To Net: NetName=+5V Pin=XS2-1
Added Pin To Net: NetName=+5V Pin=XS2-1
Added Pin To Net: NetName=+5V Pin=XS2-1
Added Pin To Net: NetName=+5V Pin=XS2-1
Added Net: Name=+5V
Added Pin To Net: NetName=GND Pin=C1-1
Added Pin To Net: NetName=GND Pin=C2-1
Added Pin To Net: NetName=GND Pin=DA1-4
Added Pin To Net: NetName=GND Pin=DA2-4
Added Pin To Net: NetName=GND Pin=DD1-5
Added Pin To Net: NetName=GND Pin=DD1-13
Added Pin To Net: NetName=GND Pin=DD1-16
Added Pin To Net: NetName=GND Pin=DD1-20
Added Pin To Net: NetName=GND Pin=DD1-23
Added Pin To Net: NetName=GND Pin=DD1-41
Added Pin To Net: NetName=GND Pin=DD2-15
Added Pin To Net: NetName=GND Pin=DD2-23
Added Pin To Net: NetName=GND Pin=DD2-35
Added Pin To Net: NetName=GND Pin=DD2-43
Added Pin To Net: NetName=GND Pin=SW1-1
Added Pin To Net: NetName=GND Pin=SW1-1
Added Pin To Net: NetName=GND Pin=SW2-1
Added Pin To Net: NetName=GND Pin=SW2-1
Added Pin To Net: NetName=GND Pin=SW3-1
Added Pin To Net: NetName=GND Pin=SW3-1
Added Pin To Net: NetName=GND Pin=SW4-1
Added Pin To Net: NetName=GND Pin=SW4-1
Added Pin To Net: NetName=GND Pin=SW5-1
Added Pin To Net: NetName=GND Pin=SW5-1
Added Pin To Net: NetName=GND Pin=SW6-1
Added Pin To Net: NetName=GND Pin=SW6-1
Added Pin To Net: NetName=GND Pin=SW7-1
Added Pin To Net: NetName=GND Pin=SW7-1
Added Pin To Net: NetName=GND Pin=SW8-1
Added Pin To Net: NetName=GND Pin=SW8-1
Added Pin To Net: NetName=GND Pin=SW9-1
Added Pin To Net: NetName=GND Pin=SW9-1
Added Pin To Net: NetName=GND Pin=SW10-1
Added Pin To Net: NetName=GND Pin=SW10-1
Added Pin To Net: NetName=GND Pin=SW11-1
Added Pin To Net: NetName=GND Pin=SW11-1
Added Net: Name=GND
Added Pin To Net: NetName=NetC1_2 Pin=C1-2
Added Pin To Net: NetName=NetC1_2 Pin=DD2-17
Added Pin To Net: NetName=NetC1_2 Pin=ZQ1-1
Added Net: Name=NetC1_2
Added Pin To Net: NetName=NetC2_2 Pin=C2-2
Added Pin To Net: NetName=NetC2_2 Pin=DD2-16
Added Pin To Net: NetName=NetC2_2 Pin=ZQ1-2
Added Net: Name=NetC2_2
Added Pin To Net: NetName=NetDA1_1 Pin=DA1-1
Added Pin To Net: NetName=NetDA1_1 Pin=DD2-38
Added Net: Name=NetDA1_1
Added Pin To Net: NetName=NetDA1_2 Pin=DA1-2
Added Pin To Net: NetName=NetDA1_2 Pin=DD2-39
Added Net: Name=NetDA1_2
Added Pin To Net: NetName=NetDA2_1 Pin=DA2-1
Added Pin To Net: NetName=NetDA2_1 Pin=DD2-36
Added Net: Name=NetDA2_1
Added Pin To Net: NetName=NetDA2_2 Pin=DA2-2
Added Pin To Net: NetName=NetDA2_2 Pin=DD2-37
Added Net: Name=NetDA2_2
Added Pin To Net: NetName=NetDD1_39 Pin=DD1-39
Added Pin To Net: NetName=NetDD1_39 Pin=DD2-3
Added Net: Name=NetDD1_39
Added Pin To Net: NetName=NetDD1_40 Pin=DD1-40
Added Pin To Net: NetName=NetDD1_40 Pin=DD2-4
Added Net: Name=NetDD1_40
Added Pin To Net: NetName=NetDD2_9 Pin=DD2-9
Added Pin To Net: NetName=NetDD2_9 Pin=R2-1
Added Pin To Net: NetName=NetDD2_9 Pin=SW8-2
Added Pin To Net: NetName=NetDD2_9 Pin=SW8-2
Added Net: Name=NetDD2_9
Added Pin To Net: NetName=NetDD2_10 Pin=DD2-10
Added Pin To Net: NetName=NetDD2_10 Pin=R3-1
Added Pin To Net: NetName=NetDD2_10 Pin=SW9-2
Added Pin To Net: NetName=NetDD2_10 Pin=SW9-2
Added Net: Name=NetDD2_10
Added Pin To Net: NetName=NetDD2_11 Pin=DD2-11
Added Pin To Net: NetName=NetDD2_11 Pin=R4-1
Added Pin To Net: NetName=NetDD2_11 Pin=SW10-2
Added Pin To Net: NetName=NetDD2_11 Pin=SW10-2
Added Net: Name=NetDD2_11
Added Pin To Net: NetName=NetDD2_12 Pin=DD2-12
Added Pin To Net: NetName=NetDD2_12 Pin=R1-1
Added Pin To Net: NetName=NetDD2_12 Pin=SW7-2
Added Pin To Net: NetName=NetDD2_12 Pin=SW7-2
Added Net: Name=NetDD2_12
Added Pin To Net: NetName=NetDD2_13 Pin=DD2-13
Added Pin To Net: NetName=NetDD2_13 Pin=R11-1
Added Pin To Net: NetName=NetDD2_13 Pin=SW11-2
Added Pin To Net: NetName=NetDD2_13 Pin=SW11-2
Added Net: Name=NetDD2_13
Added Pin To Net: NetName=NetDD2_25 Pin=DD2-25
Added Pin To Net: NetName=NetDD2_25 Pin=R10-1
Added Pin To Net: NetName=NetDD2_25 Pin=SW6-2
Added Pin To Net: NetName=NetDD2_25 Pin=SW6-2
Added Net: Name=NetDD2_25
Added Pin To Net: NetName=NetDD2_26 Pin=DD2-26
Added Pin To Net: NetName=NetDD2_26 Pin=R9-1
Added Pin To Net: NetName=NetDD2_26 Pin=SW5-2
Added Pin To Net: NetName=NetDD2_26 Pin=SW5-2
Added Net: Name=NetDD2_26
Added Pin To Net: NetName=NetDD2_27 Pin=DD2-27
Added Pin To Net: NetName=NetDD2_27 Pin=R8-1
Added Pin To Net: NetName=NetDD2_27 Pin=SW4-2
Added Pin To Net: NetName=NetDD2_27 Pin=SW4-2
Added Net: Name=NetDD2_27
Added Pin To Net: NetName=NetDD2_28 Pin=DD2-28
Added Pin To Net: NetName=NetDD2_28 Pin=R5-1
Added Pin To Net: NetName=NetDD2_28 Pin=SW1-2
Added Pin To Net: NetName=NetDD2_28 Pin=SW1-2
Added Net: Name=NetDD2_28
Added Pin To Net: NetName=NetDD2_29 Pin=DD2-29
Added Pin To Net: NetName=NetDD2_29 Pin=R6-1
Added Pin To Net: NetName=NetDD2_29 Pin=SW2-2
Added Pin To Net: NetName=NetDD2_29 Pin=SW2-2
Added Net: Name=NetDD2_29
Added Pin To Net: NetName=NetDD2_30 Pin=DD2-30
Added Pin To Net: NetName=NetDD2_30 Pin=R7-1
Added Pin To Net: NetName=NetDD2_30 Pin=SW3-2
Added Pin To Net: NetName=NetDD2_30 Pin=SW3-2
Added Net: Name=NetDD2_30
Added Class: Name=Sheet1
Added Rule: Name=Schematic Supply Nets
Added Rule: Name=Schematic Supply Nets_1
