Added Component: Designator=DA1(joy stick psp 4 pin)
Added Component: Designator=DA2(joy stick psp 4 pin)
Added Component: Designator=DD1(orange Pi Zero 3)
Added Component: Designator=SW1(membrane button)
Added Component: Designator=SW2(membrane button)
Added Component: Designator=SW3(membrane button)
Added Component: Designator=SW4(membrane button)
Added Component: Designator=SW5(membrane button)
Added Component: Designator=SW6(membrane button)
Added Component: Designator=SW7(membrane button)
Added Component: Designator=SW8(membrane button)
Added Component: Designator=SW9(membrane button)
Added Component: Designator=SW10(membrane button)
Added Component: Designator=XS1(power)
Added Pin To Net: NetName=NetDA1_1 Pin=DA1-1
Added Pin To Net: NetName=NetDA1_2 Pin=DA1-2
Added Pin To Net: NetName=+5V Pin=DA1-3
Added Pin To Net: NetName=GND Pin=DA1-4
Added Pin To Net: NetName=NetDA2_1 Pin=DA2-1
Added Pin To Net: NetName=NetDA2_2 Pin=DA2-2
Added Pin To Net: NetName=+5V Pin=DA2-3
Added Pin To Net: NetName=GND Pin=DA2-4
Added Pin To Net: NetName=NetDD1_2 Pin=DD1-2
Added Pin To Net: NetName=NetDD1_3 Pin=DD1-3
Added Pin To Net: NetName=NetDD1_4 Pin=DD1-4
Added Pin To Net: NetName=GND Pin=DD1-5
Added Pin To Net: NetName=NetDD1_6 Pin=DD1-6
Added Pin To Net: NetName=NetDD1_7 Pin=DD1-7
Added Pin To Net: NetName=NetDD1_8 Pin=DD1-8
Added Pin To Net: NetName=NetDD1_10 Pin=DD1-10
Added Pin To Net: NetName=NetDD1_11 Pin=DD1-11
Added Pin To Net: NetName=NetDD1_12 Pin=DD1-12
Added Pin To Net: NetName=+5V Pin=DD1-14
Added Pin To Net: NetName=+5V Pin=DD1-15
Added Pin To Net: NetName=GND Pin=DD1-16
Added Pin To Net: NetName=NetDD1_17 Pin=DD1-17
Added Pin To Net: NetName=GND Pin=DD1-20
Added Pin To Net: NetName=GND Pin=DD1-23
Added Pin To Net: NetName=NetDA1_2 Pin=DD1-24
Added Pin To Net: NetName=NetDA2_2 Pin=DD1-25
Added Pin To Net: NetName=NetDA1_1 Pin=DD1-26
Added Pin To Net: NetName=NetDA2_1 Pin=DD1-31
Added Pin To Net: NetName=GND Pin=DD1-41
Added Pin To Net: NetName=+5V Pin=DD1-42
Added Pin To Net: NetName=NetDD1_12 Pin=SW1-1
Added Pin To Net: NetName=NetDD1_12 Pin=SW1-1
Added Pin To Net: NetName=GND Pin=SW1-2
Added Pin To Net: NetName=GND Pin=SW1-2
Added Pin To Net: NetName=NetDD1_2 Pin=SW2-1
Added Pin To Net: NetName=NetDD1_2 Pin=SW2-1
Added Pin To Net: NetName=GND Pin=SW2-2
Added Pin To Net: NetName=GND Pin=SW2-2
Added Pin To Net: NetName=NetDD1_7 Pin=SW3-1
Added Pin To Net: NetName=NetDD1_7 Pin=SW3-1
Added Pin To Net: NetName=GND Pin=SW3-2
Added Pin To Net: NetName=GND Pin=SW3-2
Added Pin To Net: NetName=NetDD1_10 Pin=SW4-1
Added Pin To Net: NetName=NetDD1_10 Pin=SW4-1
Added Pin To Net: NetName=GND Pin=SW4-2
Added Pin To Net: NetName=GND Pin=SW4-2
Added Pin To Net: NetName=NetDD1_4 Pin=SW5-1
Added Pin To Net: NetName=NetDD1_4 Pin=SW5-1
Added Pin To Net: NetName=GND Pin=SW5-2
Added Pin To Net: NetName=GND Pin=SW5-2
Added Pin To Net: NetName=NetDD1_17 Pin=SW6-1
Added Pin To Net: NetName=NetDD1_17 Pin=SW6-1
Added Pin To Net: NetName=GND Pin=SW6-2
Added Pin To Net: NetName=GND Pin=SW6-2
Added Pin To Net: NetName=NetDD1_3 Pin=SW7-1
Added Pin To Net: NetName=NetDD1_3 Pin=SW7-1
Added Pin To Net: NetName=GND Pin=SW7-2
Added Pin To Net: NetName=GND Pin=SW7-2
Added Pin To Net: NetName=NetDD1_6 Pin=SW8-1
Added Pin To Net: NetName=NetDD1_6 Pin=SW8-1
Added Pin To Net: NetName=GND Pin=SW8-2
Added Pin To Net: NetName=GND Pin=SW8-2
Added Pin To Net: NetName=NetDD1_11 Pin=SW9-1
Added Pin To Net: NetName=NetDD1_11 Pin=SW9-1
Added Pin To Net: NetName=GND Pin=SW9-2
Added Pin To Net: NetName=GND Pin=SW9-2
Added Pin To Net: NetName=NetDD1_8 Pin=SW10-1
Added Pin To Net: NetName=NetDD1_8 Pin=SW10-1
Added Pin To Net: NetName=GND Pin=SW10-2
Added Pin To Net: NetName=GND Pin=SW10-2
Added Pin To Net: NetName=+5V Pin=XS1-1
Added Pin To Net: NetName=GND Pin=XS1-2
Added Member To Class: ClassName=Sheet1 Member=Component DA1 joy stick 4 pin
Added Member To Class: ClassName=Sheet1 Member=Component DA2 joy stick 4 pin
Added Member To Class: ClassName=Sheet1 Member=Component DD1 orange PI ZERO 3
Added Member To Class: ClassName=Sheet1 Member=Component SW1 button
Added Member To Class: ClassName=Sheet1 Member=Component SW2 button
Added Member To Class: ClassName=Sheet1 Member=Component SW3 button
Added Member To Class: ClassName=Sheet1 Member=Component SW4 button
Added Member To Class: ClassName=Sheet1 Member=Component SW5 button
Added Member To Class: ClassName=Sheet1 Member=Component SW6 button
Added Member To Class: ClassName=Sheet1 Member=Component SW7 button
Added Member To Class: ClassName=Sheet1 Member=Component SW8 button
Added Member To Class: ClassName=Sheet1 Member=Component SW9 button
Added Member To Class: ClassName=Sheet1 Member=Component SW10 button
Added Member To Class: ClassName=Sheet1 Member=Component XS1 power
