Add Pin To Net: Unknown Pin: Pin DA1-1
Add Pin To Net: Unknown Pin: Pin DA1-2
Add Pin To Net: Unknown Pin: Pin DA1-3
Add Pin To Net: Unknown Pin: Pin DA1-4
Add Pin To Net: Unknown Pin: Pin DA2-1
Add Pin To Net: Unknown Pin: Pin DA2-2
Add Pin To Net: Unknown Pin: Pin DA2-3
Add Pin To Net: Unknown Pin: Pin DA2-4
Add Pin To Net: Unknown Pin: Pin DD1-2
Add Pin To Net: Unknown Pin: Pin DD1-3
Add Pin To Net: Unknown Pin: Pin DD1-4
Add Pin To Net: Unknown Pin: Pin DD1-5
Add Pin To Net: Unknown Pin: Pin DD1-6
Add Pin To Net: Unknown Pin: Pin DD1-7
Add Pin To Net: Unknown Pin: Pin DD1-8
Add Pin To Net: Unknown Pin: Pin DD1-10
Add Pin To Net: Unknown Pin: Pin DD1-11
Add Pin To Net: Unknown Pin: Pin DD1-12
Add Pin To Net: Unknown Pin: Pin DD1-14
Add Pin To Net: Unknown Pin: Pin DD1-15
Add Pin To Net: Unknown Pin: Pin DD1-16
Add Pin To Net: Unknown Pin: Pin DD1-17
Add Pin To Net: Unknown Pin: Pin DD1-20
Add Pin To Net: Unknown Pin: Pin DD1-23
Add Pin To Net: Unknown Pin: Pin DD1-24
Add Pin To Net: Unknown Pin: Pin DD1-25
Add Pin To Net: Unknown Pin: Pin DD1-26
Add Pin To Net: Unknown Pin: Pin DD1-31
Add Pin To Net: Unknown Pin: Pin DD1-41
Add Pin To Net: Unknown Pin: Pin DD1-42
Add Pin To Net: Unknown Pin: Pin SW1-1
Add Pin To Net: Unknown Pin: Pin SW1-2
Add Pin To Net: Unknown Pin: Pin SW2-1
Add Pin To Net: Unknown Pin: Pin SW2-2
Add Pin To Net: Unknown Pin: Pin SW3-1
Add Pin To Net: Unknown Pin: Pin SW3-2
Add Pin To Net: Unknown Pin: Pin SW4-1
Add Pin To Net: Unknown Pin: Pin SW4-2
Add Pin To Net: Unknown Pin: Pin SW5-1
Add Pin To Net: Unknown Pin: Pin SW5-2
Add Pin To Net: Unknown Pin: Pin SW6-1
Add Pin To Net: Unknown Pin: Pin SW6-2
Add Pin To Net: Unknown Pin: Pin SW7-1
Add Pin To Net: Unknown Pin: Pin SW7-2
Add Pin To Net: Unknown Pin: Pin SW8-1
Add Pin To Net: Unknown Pin: Pin SW8-2
Add Pin To Net: Unknown Pin: Pin SW9-1
Add Pin To Net: Unknown Pin: Pin SW9-2
Add Pin To Net: Unknown Pin: Pin SW10-1
Add Pin To Net: Unknown Pin: Pin SW10-2
Add Pin To Net: Unknown Pin: Pin XS1-1
Add Pin To Net: Unknown Pin: Pin XS1-2
Add Class Member: Failed to add class member : Component DA1 joy stick 4 pin
Add Class Member: Failed to add class member : Component DA2 joy stick 4 pin
Add Class Member: Failed to add class member : Component DD1 orange PI ZERO 3
Add Class Member: Failed to add class member : Component SW1 button
Add Class Member: Failed to add class member : Component SW2 button
Add Class Member: Failed to add class member : Component SW3 button
Add Class Member: Failed to add class member : Component SW4 button
Add Class Member: Failed to add class member : Component SW5 button
Add Class Member: Failed to add class member : Component SW6 button
Add Class Member: Failed to add class member : Component SW7 button
Add Class Member: Failed to add class member : Component SW8 button
Add Class Member: Failed to add class member : Component SW9 button
Add Class Member: Failed to add class member : Component SW10 button
Add Class Member: Failed to add class member : Component XS1 power
