Added Component: Designator=C1(capacitor 1206)
Added Component: Designator=C2(capacitor 1206)
Added Component: Designator=DA1(joy stick psp 4 pin)
Added Component: Designator=DA2(joy stick psp 4 pin)
Added Component: Designator=DD1(orange Pi Zero 3)
Added Component: Designator=DD2(atmega32u4)
Added Component: Designator=R1(resistor 1206)
Added Component: Designator=R2(resistor 1206)
Added Component: Designator=R3(resistor 1206)
Added Component: Designator=R4(resistor 1206)
Added Component: Designator=R5(resistor 1206)
Added Component: Designator=R6(resistor 1206)
Added Component: Designator=R7(resistor 1206)
Added Component: Designator=R8(resistor 1206)
Added Component: Designator=R9(resistor 1206)
Added Component: Designator=R10(resistor 1206)
Added Component: Designator=R11(resistor 1206)
Added Component: Designator=SW1(membrane button)
Added Component: Designator=SW2(membrane button)
Added Component: Designator=SW3(membrane button)
Added Component: Designator=SW4(membrane button)
Added Component: Designator=SW5(membrane button)
Added Component: Designator=SW6(membrane button)
Added Component: Designator=SW7(membrane button)
Added Component: Designator=SW8(membrane button)
Added Component: Designator=SW9(membrane button)
Added Component: Designator=SW10(membrane button)
Added Component: Designator=SW11(membrane button)
Added Component: Designator=XS1(power)
Added Component: Designator=XS2(JOIN_6)
Added Component: Designator=ZQ1(quartz resonator)
Added Pin To Net: NetName=+5V Pin=DA1-3
Added Pin To Net: NetName=+5V Pin=DA2-3
Added Pin To Net: NetName=+5V Pin=DD1-14
Added Pin To Net: NetName=+5V Pin=DD1-15
Added Pin To Net: NetName=+5V Pin=DD1-42
Added Pin To Net: NetName=+5V Pin=DD2-2
Added Pin To Net: NetName=+5V Pin=DD2-14
Added Pin To Net: NetName=+5V Pin=DD2-24
Added Pin To Net: NetName=+5V Pin=DD2-34
Added Pin To Net: NetName=+5V Pin=DD2-44
Added Pin To Net: NetName=+5V Pin=R1-2
Added Pin To Net: NetName=+5V Pin=R2-2
Added Pin To Net: NetName=+5V Pin=R3-2
Added Pin To Net: NetName=+5V Pin=R4-2
Added Pin To Net: NetName=+5V Pin=R5-2
Added Pin To Net: NetName=+5V Pin=R6-2
Added Pin To Net: NetName=+5V Pin=R7-2
Added Pin To Net: NetName=+5V Pin=R8-2
Added Pin To Net: NetName=+5V Pin=R9-2
Added Pin To Net: NetName=+5V Pin=R10-2
Added Pin To Net: NetName=+5V Pin=R11-2
Added Pin To Net: NetName=+5V Pin=XS1-1
Added Pin To Net: NetName=+5V Pin=XS2-1
Added Net: Name=+5V
Added Pin To Net: NetName=GND Pin=C1-1
Added Pin To Net: NetName=GND Pin=C2-1
Added Pin To Net: NetName=GND Pin=DA1-4
Added Pin To Net: NetName=GND Pin=DA2-4
Added Pin To Net: NetName=GND Pin=DD1-5
Added Pin To Net: NetName=GND Pin=DD1-13
Added Pin To Net: NetName=GND Pin=DD1-16
Added Pin To Net: NetName=GND Pin=DD1-20
Added Pin To Net: NetName=GND Pin=DD1-23
Added Pin To Net: NetName=GND Pin=DD1-27
Added Pin To Net: NetName=GND Pin=DD1-41
Added Pin To Net: NetName=GND Pin=DD2-15
Added Pin To Net: NetName=GND Pin=DD2-23
Added Pin To Net: NetName=GND Pin=DD2-35
Added Pin To Net: NetName=GND Pin=DD2-43
Added Pin To Net: NetName=GND Pin=SW1-1
Added Pin To Net: NetName=GND Pin=SW1-1
Added Pin To Net: NetName=GND Pin=SW2-1
Added Pin To Net: NetName=GND Pin=SW2-1
Added Pin To Net: NetName=GND Pin=SW3-1
Added Pin To Net: NetName=GND Pin=SW3-1
Added Pin To Net: NetName=GND Pin=SW4-1
Added Pin To Net: NetName=GND Pin=SW4-1
Added Pin To Net: NetName=GND Pin=SW5-1
Added Pin To Net: NetName=GND Pin=SW5-1
Added Pin To Net: NetName=GND Pin=SW6-1
Added Pin To Net: NetName=GND Pin=SW6-1
Added Pin To Net: NetName=GND Pin=SW7-1
Added Pin To Net: NetName=GND Pin=SW7-1
Added Pin To Net: NetName=GND Pin=SW8-1
Added Pin To Net: NetName=GND Pin=SW8-1
Added Pin To Net: NetName=GND Pin=SW9-1
Added Pin To Net: NetName=GND Pin=SW9-1
Added Pin To Net: NetName=GND Pin=SW10-1
Added Pin To Net: NetName=GND Pin=SW10-1
Added Pin To Net: NetName=GND Pin=SW11-1
Added Pin To Net: NetName=GND Pin=SW11-1
Added Pin To Net: NetName=GND Pin=XS1-2
Added Pin To Net: NetName=GND Pin=XS2-3
Added Net: Name=GND
Added Pin To Net: NetName=NetC1_2 Pin=C1-2
Added Pin To Net: NetName=NetC1_2 Pin=DD2-16
Added Pin To Net: NetName=NetC1_2 Pin=ZQ1-2
Added Net: Name=NetC1_2
Added Pin To Net: NetName=NetC2_2 Pin=C2-2
Added Pin To Net: NetName=NetC2_2 Pin=DD2-17
Added Pin To Net: NetName=NetC2_2 Pin=ZQ1-1
Added Net: Name=NetC2_2
Added Pin To Net: NetName=NetDA1_1 Pin=DA1-1
Added Net: Name=NetDA1_1
Added Pin To Net: NetName=NetDA1_2 Pin=DA1-2
Added Net: Name=NetDA1_2
Added Pin To Net: NetName=NetDA2_1 Pin=DA2-1
Added Net: Name=NetDA2_1
Added Pin To Net: NetName=NetDA2_2 Pin=DA2-2
Added Net: Name=NetDA2_2
Added Pin To Net: NetName=NetDD1_39 Pin=DD1-39
Added Pin To Net: NetName=NetDD1_39 Pin=DD2-3
Added Net: Name=NetDD1_39
Added Pin To Net: NetName=NetDD1_40 Pin=DD1-40
Added Pin To Net: NetName=NetDD1_40 Pin=DD2-4
Added Net: Name=NetDD1_40
Added Pin To Net: NetName=NetDD2_13 Pin=DD2-13
Added Pin To Net: NetName=NetDD2_13 Pin=R11-1
Added Pin To Net: NetName=NetDD2_13 Pin=SW11-2
Added Pin To Net: NetName=NetDD2_13 Pin=SW11-2
Added Pin To Net: NetName=NetDD2_13 Pin=XS2-6
Added Net: Name=NetDD2_13
Added Pin To Net: NetName=NetR1_1 Pin=R1-1
Added Pin To Net: NetName=NetR1_1 Pin=SW1-2
Added Pin To Net: NetName=NetR1_1 Pin=SW1-2
Added Net: Name=NetR1_1
Added Pin To Net: NetName=NetR2_1 Pin=R2-1
Added Pin To Net: NetName=NetR2_1 Pin=SW2-2
Added Pin To Net: NetName=NetR2_1 Pin=SW2-2
Added Pin To Net: NetName=NetR2_1 Pin=XS2-5
Added Net: Name=NetR2_1
Added Pin To Net: NetName=NetR3_1 Pin=R3-1
Added Pin To Net: NetName=NetR3_1 Pin=SW3-2
Added Pin To Net: NetName=NetR3_1 Pin=SW3-2
Added Pin To Net: NetName=NetR3_1 Pin=XS2-2
Added Net: Name=NetR3_1
Added Pin To Net: NetName=NetR4_1 Pin=R4-1
Added Pin To Net: NetName=NetR4_1 Pin=SW4-2
Added Pin To Net: NetName=NetR4_1 Pin=SW4-2
Added Pin To Net: NetName=NetR4_1 Pin=XS2-4
Added Net: Name=NetR4_1
Added Pin To Net: NetName=NetR5_1 Pin=R5-1
Added Pin To Net: NetName=NetR5_1 Pin=SW5-2
Added Pin To Net: NetName=NetR5_1 Pin=SW5-2
Added Net: Name=NetR5_1
Added Pin To Net: NetName=NetR6_1 Pin=R6-1
Added Pin To Net: NetName=NetR6_1 Pin=SW6-2
Added Pin To Net: NetName=NetR6_1 Pin=SW6-2
Added Net: Name=NetR6_1
Added Pin To Net: NetName=NetR7_1 Pin=R7-1
Added Pin To Net: NetName=NetR7_1 Pin=SW7-2
Added Pin To Net: NetName=NetR7_1 Pin=SW7-2
Added Net: Name=NetR7_1
Added Pin To Net: NetName=NetR8_1 Pin=R8-1
Added Pin To Net: NetName=NetR8_1 Pin=SW8-2
Added Pin To Net: NetName=NetR8_1 Pin=SW8-2
Added Net: Name=NetR8_1
Added Pin To Net: NetName=NetR9_1 Pin=R9-1
Added Pin To Net: NetName=NetR9_1 Pin=SW9-2
Added Pin To Net: NetName=NetR9_1 Pin=SW9-2
Added Net: Name=NetR9_1
Added Pin To Net: NetName=NetR10_1 Pin=R10-1
Added Pin To Net: NetName=NetR10_1 Pin=SW10-2
Added Pin To Net: NetName=NetR10_1 Pin=SW10-2
Added Net: Name=NetR10_1
Added Class: Name=Sheet1
